Starting full matrix solver for 32 grid points
Initialization complete
Initial residual:   3.937
Residual after iteration 500: 0.000127064
Residual after iteration 557: 3.90871e-05

Starting full matrix solver for 17 grid points
Initialization complete
Initial residual:   2.82843
Residual after iteration 146: 2.70014e-05

Starting full matrix solver for 33 grid points
Initialization complete
Initial residual:   4
Residual after iteration 500: 0.000244923
Residual after iteration 594: 3.95348e-05

Starting full matrix solver for 65 grid points
Initialization complete
Initial residual:   5.65685
Residual after iteration 500: 0.506321
Residual after iteration 1000:  0.0453187
Residual after iteration 1500:  0.00405628
Residual after iteration 2000:  0.000363061
Residual after iteration 2386:  5.63389e-05

Starting full matrix solver for 129 grid points
Initialization complete
Initial residual:   8
Residual after iteration 500: 4.37894
Residual after iteration 1000:  2.39689
Residual after iteration 1500:  1.31198
Residual after iteration 2000:  0.718135
Residual after iteration 2500:  0.393084
Residual after iteration 3000:  0.215161
Residual after iteration 3500:  0.117772
Residual after iteration 4000:  0.0644647
Residual after iteration 4500:  0.0352859
Residual after iteration 5000:  0.0193143
Residual after iteration 5500:  0.010572
Residual after iteration 6000:  0.00578679
Residual after iteration 6500:  0.0031675
Residual after iteration 7000:  0.00173379
Residual after iteration 7500:  0.000949019
Residual after iteration 8000:  0.000519462
Residual after iteration 8500:  0.000284337
Residual after iteration 9000:  0.000155637
Residual after iteration 9500:  8.51904e-05
Residual after iteration 9553:  7.99187e-05
